<?xml version="1.0" encoding="UTF-8"?>
<testsuite xmlns:xsi="http://www.w3.org/2001/XMLSchema-instance" xsi:noNamespaceSchemaLocation="https://maven.apache.org/surefire/maven-surefire-plugin/xsd/surefire-test-report-3.0.xsd" version="3.0" name="edu.ucr.cs.cs167.madhi002.AppTest" time="0.109" tests="1" errors="0" skipped="0" failures="0">
  <properties>
    <property name="awt.toolkit" value="sun.awt.X11.XToolkit"/>
    <property name="file.encoding.pkg" value="sun.io"/>
    <property name="java.specification.version" value="1.8"/>
    <property name="sun.cpu.isalist" value=""/>
    <property name="sun.jnu.encoding" value="UTF-8"/>
    <property name="java.class.path" value="/home/cs167/workspace/madhi002_lab5/target/test-classes:/home/cs167/workspace/madhi002_lab5/target/classes:/home/cs167/.m2/repository/junit/junit/3.8.1/junit-3.8.1.jar:/home/cs167/.m2/repository/org/apache/spark/spark-core_2.13/3.5.0/spark-core_2.13-3.5.0.jar:/home/cs167/.m2/repository/org/scala-lang/modules/scala-parallel-collections_2.13/1.0.4/scala-parallel-collections_2.13-1.0.4.jar:/home/cs167/.m2/repository/org/apache/avro/avro/1.11.2/avro-1.11.2.jar:/home/cs167/.m2/repository/com/fasterxml/jackson/core/jackson-core/2.14.2/jackson-core-2.14.2.jar:/home/cs167/.m2/repository/org/slf4j/slf4j-api/1.7.36/slf4j-api-1.7.36.jar:/home/cs167/.m2/repository/org/apache/avro/avro-mapred/1.11.2/avro-mapred-1.11.2.jar:/home/cs167/.m2/repository/org/apache/avro/avro-ipc/1.11.2/avro-ipc-1.11.2.jar:/home/cs167/.m2/repository/org/tukaani/xz/1.9/xz-1.9.jar:/home/cs167/.m2/repository/com/twitter/chill_2.13/0.10.0/chill_2.13-0.10.0.jar:/home/cs167/.m2/repository/com/esotericsoftware/kryo-shaded/4.0.2/kryo-shaded-4.0.2.jar:/home/cs167/.m2/repository/com/esotericsoftware/minlog/1.3.0/minlog-1.3.0.jar:/home/cs167/.m2/repository/org/objenesis/objenesis/2.5.1/objenesis-2.5.1.jar:/home/cs167/.m2/repository/com/twitter/chill-java/0.10.0/chill-java-0.10.0.jar:/home/cs167/.m2/repository/org/apache/xbean/xbean-asm9-shaded/4.23/xbean-asm9-shaded-4.23.jar:/home/cs167/.m2/repository/org/apache/hadoop/hadoop-client-api/3.3.4/hadoop-client-api-3.3.4.jar:/home/cs167/.m2/repository/org/apache/hadoop/hadoop-client-runtime/3.3.4/hadoop-client-runtime-3.3.4.jar:/home/cs167/.m2/repository/commons-logging/commons-logging/1.1.3/commons-logging-1.1.3.jar:/home/cs167/.m2/repository/org/apache/spark/spark-launcher_2.13/3.5.0/spark-launcher_2.13-3.5.0.jar:/home/cs167/.m2/repository/org/apache/spark/spark-kvstore_2.13/3.5.0/spark-kvstore_2.13-3.5.0.jar:/home/cs167/.m2/repository/org/fusesource/leveldbjni/leveldbjni-all/1.8/leveldbjni-all-1.8.jar:/home/cs167/.m2/repository/com/fasterxml/jackson/core/jackson-annotations/2.15.2/jackson-annotations-2.15.2.jar:/home/cs167/.m2/repository/org/rocksdb/rocksdbjni/8.3.2/rocksdbjni-8.3.2.jar:/home/cs167/.m2/repository/org/apache/spark/spark-network-common_2.13/3.5.0/spark-network-common_2.13-3.5.0.jar:/home/cs167/.m2/repository/com/google/crypto/tink/tink/1.9.0/tink-1.9.0.jar:/home/cs167/.m2/repository/com/google/code/gson/gson/2.10.1/gson-2.10.1.jar:/home/cs167/.m2/repository/com/google/protobuf/protobuf-java/3.19.6/protobuf-java-3.19.6.jar:/home/cs167/.m2/repository/joda-time/joda-time/2.12.5/joda-time-2.12.5.jar:/home/cs167/.m2/repository/org/apache/spark/spark-network-shuffle_2.13/3.5.0/spark-network-shuffle_2.13-3.5.0.jar:/home/cs167/.m2/repository/org/apache/spark/spark-unsafe_2.13/3.5.0/spark-unsafe_2.13-3.5.0.jar:/home/cs167/.m2/repository/org/apache/spark/spark-common-utils_2.13/3.5.0/spark-common-utils_2.13-3.5.0.jar:/home/cs167/.m2/repository/org/slf4j/jul-to-slf4j/2.0.7/jul-to-slf4j-2.0.7.jar:/home/cs167/.m2/repository/org/slf4j/jcl-over-slf4j/2.0.7/jcl-over-slf4j-2.0.7.jar:/home/cs167/.m2/repository/org/apache/logging/log4j/log4j-slf4j2-impl/2.20.0/log4j-slf4j2-impl-2.20.0.jar:/home/cs167/.m2/repository/org/apache/logging/log4j/log4j-api/2.20.0/log4j-api-2.20.0.jar:/home/cs167/.m2/repository/org/apache/logging/log4j/log4j-core/2.20.0/log4j-core-2.20.0.jar:/home/cs167/.m2/repository/org/apache/logging/log4j/log4j-1.2-api/2.20.0/log4j-1.2-api-2.20.0.jar:/home/cs167/.m2/repository/javax/activation/activation/1.1.1/activation-1.1.1.jar:/home/cs167/.m2/repository/org/apache/curator/curator-recipes/2.13.0/curator-recipes-2.13.0.jar:/home/cs167/.m2/repository/org/apache/curator/curator-framework/2.13.0/curator-framework-2.13.0.jar:/home/cs167/.m2/repository/org/apache/curator/curator-client/2.13.0/curator-client-2.13.0.jar:/home/cs167/.m2/repository/com/google/guava/guava/16.0.1/guava-16.0.1.jar:/home/cs167/.m2/repository/org/apache/zookeeper/zookeeper/3.6.3/zookeeper-3.6.3.jar:/home/cs167/.m2/repository/org/apache/zookeeper/zookeeper-jute/3.6.3/zookeeper-jute-3.6.3.jar:/home/cs167/.m2/repository/org/apache/yetus/audience-annotations/0.5.0/audience-annotations-0.5.0.jar:/home/cs167/.m2/repository/jakarta/servlet/jakarta.servlet-api/4.0.3/jakarta.servlet-api-4.0.3.jar:/home/cs167/.m2/repository/commons-codec/commons-codec/1.16.0/commons-codec-1.16.0.jar:/home/cs167/.m2/repository/org/apache/commons/commons-compress/1.23.0/commons-compress-1.23.0.jar:/home/cs167/.m2/repository/org/apache/commons/commons-lang3/3.12.0/commons-lang3-3.12.0.jar:/home/cs167/.m2/repository/org/apache/commons/commons-math3/3.6.1/commons-math3-3.6.1.jar:/home/cs167/.m2/repository/org/apache/commons/commons-text/1.10.0/commons-text-1.10.0.jar:/home/cs167/.m2/repository/commons-io/commons-io/2.13.0/commons-io-2.13.0.jar:/home/cs167/.m2/repository/commons-collections/commons-collections/3.2.2/commons-collections-3.2.2.jar:/home/cs167/.m2/repository/org/apache/commons/commons-collections4/4.4/commons-collections4-4.4.jar:/home/cs167/.m2/repository/com/google/code/findbugs/jsr305/3.0.0/jsr305-3.0.0.jar:/home/cs167/.m2/repository/com/ning/compress-lzf/1.1.2/compress-lzf-1.1.2.jar:/home/cs167/.m2/repository/org/xerial/snappy/snappy-java/1.1.10.3/snappy-java-1.1.10.3.jar:/home/cs167/.m2/repository/org/lz4/lz4-java/1.8.0/lz4-java-1.8.0.jar:/home/cs167/.m2/repository/com/github/luben/zstd-jni/1.5.5-4/zstd-jni-1.5.5-4.jar:/home/cs167/.m2/repository/org/roaringbitmap/RoaringBitmap/0.9.45/RoaringBitmap-0.9.45.jar:/home/cs167/.m2/repository/org/roaringbitmap/shims/0.9.45/shims-0.9.45.jar:/home/cs167/.m2/repository/org/scala-lang/modules/scala-xml_2.13/2.1.0/scala-xml_2.13-2.1.0.jar:/home/cs167/.m2/repository/org/scala-lang/scala-library/2.13.8/scala-library-2.13.8.jar:/home/cs167/.m2/repository/org/scala-lang/scala-reflect/2.13.8/scala-reflect-2.13.8.jar:/home/cs167/.m2/repository/org/json4s/json4s-jackson_2.13/3.7.0-M11/json4s-jackson_2.13-3.7.0-M11.jar:/home/cs167/.m2/repository/org/json4s/json4s-core_2.13/3.7.0-M11/json4s-core_2.13-3.7.0-M11.jar:/home/cs167/.m2/repository/org/json4s/json4s-ast_2.13/3.7.0-M11/json4s-ast_2.13-3.7.0-M11.jar:/home/cs167/.m2/repository/org/json4s/json4s-scalap_2.13/3.7.0-M11/json4s-scalap_2.13-3.7.0-M11.jar:/home/cs167/.m2/repository/org/glassfish/jersey/core/jersey-client/2.40/jersey-client-2.40.jar:/home/cs167/.m2/repository/jakarta/ws/rs/jakarta.ws.rs-api/2.1.6/jakarta.ws.rs-api-2.1.6.jar:/home/cs167/.m2/repository/org/glassfish/hk2/external/jakarta.inject/2.6.1/jakarta.inject-2.6.1.jar:/home/cs167/.m2/repository/org/glassfish/jersey/core/jersey-common/2.40/jersey-common-2.40.jar:/home/cs167/.m2/repository/jakarta/annotation/jakarta.annotation-api/1.3.5/jakarta.annotation-api-1.3.5.jar:/home/cs167/.m2/repository/org/glassfish/hk2/osgi-resource-locator/1.0.3/osgi-resource-locator-1.0.3.jar:/home/cs167/.m2/repository/org/glassfish/jersey/core/jersey-server/2.40/jersey-server-2.40.jar:/home/cs167/.m2/repository/jakarta/validation/jakarta.validation-api/2.0.2/jakarta.validation-api-2.0.2.jar:/home/cs167/.m2/repository/org/glassfish/jersey/containers/jersey-container-servlet/2.40/jersey-container-servlet-2.40.jar:/home/cs167/.m2/repository/org/glassfish/jersey/containers/jersey-container-servlet-core/2.40/jersey-container-servlet-core-2.40.jar:/home/cs167/.m2/repository/org/glassfish/jersey/inject/jersey-hk2/2.40/jersey-hk2-2.40.jar:/home/cs167/.m2/repository/org/glassfish/hk2/hk2-locator/2.6.1/hk2-locator-2.6.1.jar:/home/cs167/.m2/repository/org/glassfish/hk2/external/aopalliance-repackaged/2.6.1/aopalliance-repackaged-2.6.1.jar:/home/cs167/.m2/repository/org/glassfish/hk2/hk2-api/2.6.1/hk2-api-2.6.1.jar:/home/cs167/.m2/repository/org/glassfish/hk2/hk2-utils/2.6.1/hk2-utils-2.6.1.jar:/home/cs167/.m2/repository/org/javassist/javassist/3.29.2-GA/javassist-3.29.2-GA.jar:/home/cs167/.m2/repository/io/netty/netty-all/4.1.96.Final/netty-all-4.1.96.Final.jar:/home/cs167/.m2/repository/io/netty/netty-buffer/4.1.96.Final/netty-buffer-4.1.96.Final.jar:/home/cs167/.m2/repository/io/netty/netty-codec/4.1.96.Final/netty-codec-4.1.96.Final.jar:/home/cs167/.m2/repository/io/netty/netty-codec-http/4.1.96.Final/netty-codec-http-4.1.96.Final.jar:/home/cs167/.m2/repository/io/netty/netty-codec-http2/4.1.96.Final/netty-codec-http2-4.1.96.Final.jar:/home/cs167/.m2/repository/io/netty/netty-codec-socks/4.1.96.Final/netty-codec-socks-4.1.96.Final.jar:/home/cs167/.m2/repository/io/netty/netty-common/4.1.96.Final/netty-common-4.1.96.Final.jar:/home/cs167/.m2/repository/io/netty/netty-handler/4.1.96.Final/netty-handler-4.1.96.Final.jar:/home/cs167/.m2/repository/io/netty/netty-transport-native-unix-common/4.1.96.Final/netty-transport-native-unix-common-4.1.96.Final.jar:/home/cs167/.m2/repository/io/netty/netty-handler-proxy/4.1.96.Final/netty-handler-proxy-4.1.96.Final.jar:/home/cs167/.m2/repository/io/netty/netty-resolver/4.1.96.Final/netty-resolver-4.1.96.Final.jar:/home/cs167/.m2/repository/io/netty/netty-transport/4.1.96.Final/netty-transport-4.1.96.Final.jar:/home/cs167/.m2/repository/io/netty/netty-transport-classes-epoll/4.1.96.Final/netty-transport-classes-epoll-4.1.96.Final.jar:/home/cs167/.m2/repository/io/netty/netty-transport-classes-kqueue/4.1.96.Final/netty-transport-classes-kqueue-4.1.96.Final.jar:/home/cs167/.m2/repository/io/netty/netty-transport-native-epoll/4.1.96.Final/netty-transport-native-epoll-4.1.96.Final-linux-x86_64.jar:/home/cs167/.m2/repository/io/netty/netty-transport-native-epoll/4.1.96.Final/netty-transport-native-epoll-4.1.96.Final-linux-aarch_64.jar:/home/cs167/.m2/repository/io/netty/netty-transport-native-kqueue/4.1.96.Final/netty-transport-native-kqueue-4.1.96.Final-osx-aarch_64.jar:/home/cs167/.m2/repository/io/netty/netty-transport-native-kqueue/4.1.96.Final/netty-transport-native-kqueue-4.1.96.Final-osx-x86_64.jar:/home/cs167/.m2/repository/com/clearspring/analytics/stream/2.9.6/stream-2.9.6.jar:/home/cs167/.m2/repository/io/dropwizard/metrics/metrics-core/4.2.19/metrics-core-4.2.19.jar:/home/cs167/.m2/repository/io/dropwizard/metrics/metrics-jvm/4.2.19/metrics-jvm-4.2.19.jar:/home/cs167/.m2/repository/io/dropwizard/metrics/metrics-json/4.2.19/metrics-json-4.2.19.jar:/home/cs167/.m2/repository/io/dropwizard/metrics/metrics-graphite/4.2.19/metrics-graphite-4.2.19.jar:/home/cs167/.m2/repository/io/dropwizard/metrics/metrics-jmx/4.2.19/metrics-jmx-4.2.19.jar:/home/cs167/.m2/repository/com/fasterxml/jackson/core/jackson-databind/2.15.2/jackson-databind-2.15.2.jar:/home/cs167/.m2/repository/com/fasterxml/jackson/module/jackson-module-scala_2.13/2.15.2/jackson-module-scala_2.13-2.15.2.jar:/home/cs167/.m2/repository/com/thoughtworks/paranamer/paranamer/2.8/paranamer-2.8.jar:/home/cs167/.m2/repository/org/apache/ivy/ivy/2.5.1/ivy-2.5.1.jar:/home/cs167/.m2/repository/oro/oro/2.0.8/oro-2.0.8.jar:/home/cs167/.m2/repository/net/razorvine/pickle/1.3/pickle-1.3.jar:/home/cs167/.m2/repository/net/sf/py4j/py4j/0.10.9.7/py4j-0.10.9.7.jar:/home/cs167/.m2/repository/org/apache/spark/spark-tags_2.13/3.5.0/spark-tags_2.13-3.5.0.jar:/home/cs167/.m2/repository/org/apache/commons/commons-crypto/1.1.0/commons-crypto-1.1.0.jar:"/>
    <property name="java.vm.vendor" value="Oracle Corporation"/>
    <property name="sun.arch.data.model" value="64"/>
    <property name="java.vendor.url" value="http://java.oracle.com/"/>
    <property name="user.timezone" value=""/>
    <property name="java.vm.specification.version" value="1.8"/>
    <property name="os.name" value="Linux"/>
    <property name="user.country" value="US"/>
    <property name="sun.java.launcher" value="SUN_STANDARD"/>
    <property name="sun.boot.library.path" value="/home/cs167/BigData/jdk1.8.0_391/jre/lib/amd64"/>
    <property name="sun.java.command" value="/home/cs167/workspace/madhi002_lab5/target/surefire/surefirebooter-20240208020859907_3.jar /home/cs167/workspace/madhi002_lab5/target/surefire 2024-02-08T02-08-59_597-jvmRun1 surefire-20240208020859907_1tmp surefire_0-20240208020859907_2tmp"/>
    <property name="surefire.test.class.path" value="/home/cs167/workspace/madhi002_lab5/target/test-classes:/home/cs167/workspace/madhi002_lab5/target/classes:/home/cs167/.m2/repository/junit/junit/3.8.1/junit-3.8.1.jar:/home/cs167/.m2/repository/org/apache/spark/spark-core_2.13/3.5.0/spark-core_2.13-3.5.0.jar:/home/cs167/.m2/repository/org/scala-lang/modules/scala-parallel-collections_2.13/1.0.4/scala-parallel-collections_2.13-1.0.4.jar:/home/cs167/.m2/repository/org/apache/avro/avro/1.11.2/avro-1.11.2.jar:/home/cs167/.m2/repository/com/fasterxml/jackson/core/jackson-core/2.14.2/jackson-core-2.14.2.jar:/home/cs167/.m2/repository/org/slf4j/slf4j-api/1.7.36/slf4j-api-1.7.36.jar:/home/cs167/.m2/repository/org/apache/avro/avro-mapred/1.11.2/avro-mapred-1.11.2.jar:/home/cs167/.m2/repository/org/apache/avro/avro-ipc/1.11.2/avro-ipc-1.11.2.jar:/home/cs167/.m2/repository/org/tukaani/xz/1.9/xz-1.9.jar:/home/cs167/.m2/repository/com/twitter/chill_2.13/0.10.0/chill_2.13-0.10.0.jar:/home/cs167/.m2/repository/com/esotericsoftware/kryo-shaded/4.0.2/kryo-shaded-4.0.2.jar:/home/cs167/.m2/repository/com/esotericsoftware/minlog/1.3.0/minlog-1.3.0.jar:/home/cs167/.m2/repository/org/objenesis/objenesis/2.5.1/objenesis-2.5.1.jar:/home/cs167/.m2/repository/com/twitter/chill-java/0.10.0/chill-java-0.10.0.jar:/home/cs167/.m2/repository/org/apache/xbean/xbean-asm9-shaded/4.23/xbean-asm9-shaded-4.23.jar:/home/cs167/.m2/repository/org/apache/hadoop/hadoop-client-api/3.3.4/hadoop-client-api-3.3.4.jar:/home/cs167/.m2/repository/org/apache/hadoop/hadoop-client-runtime/3.3.4/hadoop-client-runtime-3.3.4.jar:/home/cs167/.m2/repository/commons-logging/commons-logging/1.1.3/commons-logging-1.1.3.jar:/home/cs167/.m2/repository/org/apache/spark/spark-launcher_2.13/3.5.0/spark-launcher_2.13-3.5.0.jar:/home/cs167/.m2/repository/org/apache/spark/spark-kvstore_2.13/3.5.0/spark-kvstore_2.13-3.5.0.jar:/home/cs167/.m2/repository/org/fusesource/leveldbjni/leveldbjni-all/1.8/leveldbjni-all-1.8.jar:/home/cs167/.m2/repository/com/fasterxml/jackson/core/jackson-annotations/2.15.2/jackson-annotations-2.15.2.jar:/home/cs167/.m2/repository/org/rocksdb/rocksdbjni/8.3.2/rocksdbjni-8.3.2.jar:/home/cs167/.m2/repository/org/apache/spark/spark-network-common_2.13/3.5.0/spark-network-common_2.13-3.5.0.jar:/home/cs167/.m2/repository/com/google/crypto/tink/tink/1.9.0/tink-1.9.0.jar:/home/cs167/.m2/repository/com/google/code/gson/gson/2.10.1/gson-2.10.1.jar:/home/cs167/.m2/repository/com/google/protobuf/protobuf-java/3.19.6/protobuf-java-3.19.6.jar:/home/cs167/.m2/repository/joda-time/joda-time/2.12.5/joda-time-2.12.5.jar:/home/cs167/.m2/repository/org/apache/spark/spark-network-shuffle_2.13/3.5.0/spark-network-shuffle_2.13-3.5.0.jar:/home/cs167/.m2/repository/org/apache/spark/spark-unsafe_2.13/3.5.0/spark-unsafe_2.13-3.5.0.jar:/home/cs167/.m2/repository/org/apache/spark/spark-common-utils_2.13/3.5.0/spark-common-utils_2.13-3.5.0.jar:/home/cs167/.m2/repository/org/slf4j/jul-to-slf4j/2.0.7/jul-to-slf4j-2.0.7.jar:/home/cs167/.m2/repository/org/slf4j/jcl-over-slf4j/2.0.7/jcl-over-slf4j-2.0.7.jar:/home/cs167/.m2/repository/org/apache/logging/log4j/log4j-slf4j2-impl/2.20.0/log4j-slf4j2-impl-2.20.0.jar:/home/cs167/.m2/repository/org/apache/logging/log4j/log4j-api/2.20.0/log4j-api-2.20.0.jar:/home/cs167/.m2/repository/org/apache/logging/log4j/log4j-core/2.20.0/log4j-core-2.20.0.jar:/home/cs167/.m2/repository/org/apache/logging/log4j/log4j-1.2-api/2.20.0/log4j-1.2-api-2.20.0.jar:/home/cs167/.m2/repository/javax/activation/activation/1.1.1/activation-1.1.1.jar:/home/cs167/.m2/repository/org/apache/curator/curator-recipes/2.13.0/curator-recipes-2.13.0.jar:/home/cs167/.m2/repository/org/apache/curator/curator-framework/2.13.0/curator-framework-2.13.0.jar:/home/cs167/.m2/repository/org/apache/curator/curator-client/2.13.0/curator-client-2.13.0.jar:/home/cs167/.m2/repository/com/google/guava/guava/16.0.1/guava-16.0.1.jar:/home/cs167/.m2/repository/org/apache/zookeeper/zookeeper/3.6.3/zookeeper-3.6.3.jar:/home/cs167/.m2/repository/org/apache/zookeeper/zookeeper-jute/3.6.3/zookeeper-jute-3.6.3.jar:/home/cs167/.m2/repository/org/apache/yetus/audience-annotations/0.5.0/audience-annotations-0.5.0.jar:/home/cs167/.m2/repository/jakarta/servlet/jakarta.servlet-api/4.0.3/jakarta.servlet-api-4.0.3.jar:/home/cs167/.m2/repository/commons-codec/commons-codec/1.16.0/commons-codec-1.16.0.jar:/home/cs167/.m2/repository/org/apache/commons/commons-compress/1.23.0/commons-compress-1.23.0.jar:/home/cs167/.m2/repository/org/apache/commons/commons-lang3/3.12.0/commons-lang3-3.12.0.jar:/home/cs167/.m2/repository/org/apache/commons/commons-math3/3.6.1/commons-math3-3.6.1.jar:/home/cs167/.m2/repository/org/apache/commons/commons-text/1.10.0/commons-text-1.10.0.jar:/home/cs167/.m2/repository/commons-io/commons-io/2.13.0/commons-io-2.13.0.jar:/home/cs167/.m2/repository/commons-collections/commons-collections/3.2.2/commons-collections-3.2.2.jar:/home/cs167/.m2/repository/org/apache/commons/commons-collections4/4.4/commons-collections4-4.4.jar:/home/cs167/.m2/repository/com/google/code/findbugs/jsr305/3.0.0/jsr305-3.0.0.jar:/home/cs167/.m2/repository/com/ning/compress-lzf/1.1.2/compress-lzf-1.1.2.jar:/home/cs167/.m2/repository/org/xerial/snappy/snappy-java/1.1.10.3/snappy-java-1.1.10.3.jar:/home/cs167/.m2/repository/org/lz4/lz4-java/1.8.0/lz4-java-1.8.0.jar:/home/cs167/.m2/repository/com/github/luben/zstd-jni/1.5.5-4/zstd-jni-1.5.5-4.jar:/home/cs167/.m2/repository/org/roaringbitmap/RoaringBitmap/0.9.45/RoaringBitmap-0.9.45.jar:/home/cs167/.m2/repository/org/roaringbitmap/shims/0.9.45/shims-0.9.45.jar:/home/cs167/.m2/repository/org/scala-lang/modules/scala-xml_2.13/2.1.0/scala-xml_2.13-2.1.0.jar:/home/cs167/.m2/repository/org/scala-lang/scala-library/2.13.8/scala-library-2.13.8.jar:/home/cs167/.m2/repository/org/scala-lang/scala-reflect/2.13.8/scala-reflect-2.13.8.jar:/home/cs167/.m2/repository/org/json4s/json4s-jackson_2.13/3.7.0-M11/json4s-jackson_2.13-3.7.0-M11.jar:/home/cs167/.m2/repository/org/json4s/json4s-core_2.13/3.7.0-M11/json4s-core_2.13-3.7.0-M11.jar:/home/cs167/.m2/repository/org/json4s/json4s-ast_2.13/3.7.0-M11/json4s-ast_2.13-3.7.0-M11.jar:/home/cs167/.m2/repository/org/json4s/json4s-scalap_2.13/3.7.0-M11/json4s-scalap_2.13-3.7.0-M11.jar:/home/cs167/.m2/repository/org/glassfish/jersey/core/jersey-client/2.40/jersey-client-2.40.jar:/home/cs167/.m2/repository/jakarta/ws/rs/jakarta.ws.rs-api/2.1.6/jakarta.ws.rs-api-2.1.6.jar:/home/cs167/.m2/repository/org/glassfish/hk2/external/jakarta.inject/2.6.1/jakarta.inject-2.6.1.jar:/home/cs167/.m2/repository/org/glassfish/jersey/core/jersey-common/2.40/jersey-common-2.40.jar:/home/cs167/.m2/repository/jakarta/annotation/jakarta.annotation-api/1.3.5/jakarta.annotation-api-1.3.5.jar:/home/cs167/.m2/repository/org/glassfish/hk2/osgi-resource-locator/1.0.3/osgi-resource-locator-1.0.3.jar:/home/cs167/.m2/repository/org/glassfish/jersey/core/jersey-server/2.40/jersey-server-2.40.jar:/home/cs167/.m2/repository/jakarta/validation/jakarta.validation-api/2.0.2/jakarta.validation-api-2.0.2.jar:/home/cs167/.m2/repository/org/glassfish/jersey/containers/jersey-container-servlet/2.40/jersey-container-servlet-2.40.jar:/home/cs167/.m2/repository/org/glassfish/jersey/containers/jersey-container-servlet-core/2.40/jersey-container-servlet-core-2.40.jar:/home/cs167/.m2/repository/org/glassfish/jersey/inject/jersey-hk2/2.40/jersey-hk2-2.40.jar:/home/cs167/.m2/repository/org/glassfish/hk2/hk2-locator/2.6.1/hk2-locator-2.6.1.jar:/home/cs167/.m2/repository/org/glassfish/hk2/external/aopalliance-repackaged/2.6.1/aopalliance-repackaged-2.6.1.jar:/home/cs167/.m2/repository/org/glassfish/hk2/hk2-api/2.6.1/hk2-api-2.6.1.jar:/home/cs167/.m2/repository/org/glassfish/hk2/hk2-utils/2.6.1/hk2-utils-2.6.1.jar:/home/cs167/.m2/repository/org/javassist/javassist/3.29.2-GA/javassist-3.29.2-GA.jar:/home/cs167/.m2/repository/io/netty/netty-all/4.1.96.Final/netty-all-4.1.96.Final.jar:/home/cs167/.m2/repository/io/netty/netty-buffer/4.1.96.Final/netty-buffer-4.1.96.Final.jar:/home/cs167/.m2/repository/io/netty/netty-codec/4.1.96.Final/netty-codec-4.1.96.Final.jar:/home/cs167/.m2/repository/io/netty/netty-codec-http/4.1.96.Final/netty-codec-http-4.1.96.Final.jar:/home/cs167/.m2/repository/io/netty/netty-codec-http2/4.1.96.Final/netty-codec-http2-4.1.96.Final.jar:/home/cs167/.m2/repository/io/netty/netty-codec-socks/4.1.96.Final/netty-codec-socks-4.1.96.Final.jar:/home/cs167/.m2/repository/io/netty/netty-common/4.1.96.Final/netty-common-4.1.96.Final.jar:/home/cs167/.m2/repository/io/netty/netty-handler/4.1.96.Final/netty-handler-4.1.96.Final.jar:/home/cs167/.m2/repository/io/netty/netty-transport-native-unix-common/4.1.96.Final/netty-transport-native-unix-common-4.1.96.Final.jar:/home/cs167/.m2/repository/io/netty/netty-handler-proxy/4.1.96.Final/netty-handler-proxy-4.1.96.Final.jar:/home/cs167/.m2/repository/io/netty/netty-resolver/4.1.96.Final/netty-resolver-4.1.96.Final.jar:/home/cs167/.m2/repository/io/netty/netty-transport/4.1.96.Final/netty-transport-4.1.96.Final.jar:/home/cs167/.m2/repository/io/netty/netty-transport-classes-epoll/4.1.96.Final/netty-transport-classes-epoll-4.1.96.Final.jar:/home/cs167/.m2/repository/io/netty/netty-transport-classes-kqueue/4.1.96.Final/netty-transport-classes-kqueue-4.1.96.Final.jar:/home/cs167/.m2/repository/io/netty/netty-transport-native-epoll/4.1.96.Final/netty-transport-native-epoll-4.1.96.Final-linux-x86_64.jar:/home/cs167/.m2/repository/io/netty/netty-transport-native-epoll/4.1.96.Final/netty-transport-native-epoll-4.1.96.Final-linux-aarch_64.jar:/home/cs167/.m2/repository/io/netty/netty-transport-native-kqueue/4.1.96.Final/netty-transport-native-kqueue-4.1.96.Final-osx-aarch_64.jar:/home/cs167/.m2/repository/io/netty/netty-transport-native-kqueue/4.1.96.Final/netty-transport-native-kqueue-4.1.96.Final-osx-x86_64.jar:/home/cs167/.m2/repository/com/clearspring/analytics/stream/2.9.6/stream-2.9.6.jar:/home/cs167/.m2/repository/io/dropwizard/metrics/metrics-core/4.2.19/metrics-core-4.2.19.jar:/home/cs167/.m2/repository/io/dropwizard/metrics/metrics-jvm/4.2.19/metrics-jvm-4.2.19.jar:/home/cs167/.m2/repository/io/dropwizard/metrics/metrics-json/4.2.19/metrics-json-4.2.19.jar:/home/cs167/.m2/repository/io/dropwizard/metrics/metrics-graphite/4.2.19/metrics-graphite-4.2.19.jar:/home/cs167/.m2/repository/io/dropwizard/metrics/metrics-jmx/4.2.19/metrics-jmx-4.2.19.jar:/home/cs167/.m2/repository/com/fasterxml/jackson/core/jackson-databind/2.15.2/jackson-databind-2.15.2.jar:/home/cs167/.m2/repository/com/fasterxml/jackson/module/jackson-module-scala_2.13/2.15.2/jackson-module-scala_2.13-2.15.2.jar:/home/cs167/.m2/repository/com/thoughtworks/paranamer/paranamer/2.8/paranamer-2.8.jar:/home/cs167/.m2/repository/org/apache/ivy/ivy/2.5.1/ivy-2.5.1.jar:/home/cs167/.m2/repository/oro/oro/2.0.8/oro-2.0.8.jar:/home/cs167/.m2/repository/net/razorvine/pickle/1.3/pickle-1.3.jar:/home/cs167/.m2/repository/net/sf/py4j/py4j/0.10.9.7/py4j-0.10.9.7.jar:/home/cs167/.m2/repository/org/apache/spark/spark-tags_2.13/3.5.0/spark-tags_2.13-3.5.0.jar:/home/cs167/.m2/repository/org/apache/commons/commons-crypto/1.1.0/commons-crypto-1.1.0.jar:"/>
    <property name="sun.cpu.endian" value="little"/>
    <property name="user.home" value="/home/cs167"/>
    <property name="user.language" value="en"/>
    <property name="java.specification.vendor" value="Oracle Corporation"/>
    <property name="java.home" value="/home/cs167/BigData/jdk1.8.0_391/jre"/>
    <property name="basedir" value="/home/cs167/workspace/madhi002_lab5"/>
    <property name="file.separator" value="/"/>
    <property name="line.separator" value="&#10;"/>
    <property name="java.vm.specification.vendor" value="Oracle Corporation"/>
    <property name="java.specification.name" value="Java Platform API Specification"/>
    <property name="java.awt.graphicsenv" value="sun.awt.X11GraphicsEnvironment"/>
    <property name="surefire.real.class.path" value="/home/cs167/workspace/madhi002_lab5/target/surefire/surefirebooter-20240208020859907_3.jar"/>
    <property name="sun.boot.class.path" value="/home/cs167/BigData/jdk1.8.0_391/jre/lib/resources.jar:/home/cs167/BigData/jdk1.8.0_391/jre/lib/rt.jar:/home/cs167/BigData/jdk1.8.0_391/jre/lib/jsse.jar:/home/cs167/BigData/jdk1.8.0_391/jre/lib/jce.jar:/home/cs167/BigData/jdk1.8.0_391/jre/lib/charsets.jar:/home/cs167/BigData/jdk1.8.0_391/jre/lib/jfr.jar:/home/cs167/BigData/jdk1.8.0_391/jre/classes"/>
    <property name="sun.management.compiler" value="HotSpot 64-Bit Tiered Compilers"/>
    <property name="java.runtime.version" value="1.8.0_391-b13"/>
    <property name="user.name" value="cs167"/>
    <property name="path.separator" value=":"/>
    <property name="os.version" value="4.15.0-213-generic"/>
    <property name="java.endorsed.dirs" value="/home/cs167/BigData/jdk1.8.0_391/jre/lib/endorsed"/>
    <property name="java.runtime.name" value="Java(TM) SE Runtime Environment"/>
    <property name="file.encoding" value="UTF-8"/>
    <property name="java.vm.name" value="Java HotSpot(TM) 64-Bit Server VM"/>
    <property name="localRepository" value="/home/cs167/.m2/repository"/>
    <property name="java.vendor.url.bug" value="http://bugreport.sun.com/bugreport/"/>
    <property name="java.io.tmpdir" value="/tmp"/>
    <property name="java.version" value="1.8.0_391"/>
    <property name="user.dir" value="/home/cs167/workspace/madhi002_lab5"/>
    <property name="os.arch" value="amd64"/>
    <property name="java.vm.specification.name" value="Java Virtual Machine Specification"/>
    <property name="java.awt.printerjob" value="sun.print.PSPrinterJob"/>
    <property name="sun.os.patch.level" value="unknown"/>
    <property name="java.library.path" value="/usr/java/packages/lib/amd64:/usr/lib64:/lib64:/lib:/usr/lib"/>
    <property name="java.vm.info" value="mixed mode"/>
    <property name="java.vendor" value="Oracle Corporation"/>
    <property name="java.vm.version" value="25.391-b13"/>
    <property name="java.specification.maintenance.version" value="5"/>
    <property name="java.ext.dirs" value="/home/cs167/BigData/jdk1.8.0_391/jre/lib/ext:/usr/java/packages/lib/ext"/>
    <property name="sun.io.unicode.encoding" value="UnicodeLittle"/>
    <property name="java.class.version" value="52.0"/>
  </properties>
  <testcase name="testApp" classname="edu.ucr.cs.cs167.madhi002.AppTest" time="0.012"/>
</testsuite>